Listing 'dashboard-mvp'...
Listing 'dashboard-mvp/.github'...
Listing 'dashboard-mvp/.github/workflows'...
Listing 'dashboard-mvp/archive'...
Listing 'dashboard-mvp/archive/appscript'...
Listing 'dashboard-mvp/archive/sheets'...
Listing 'dashboard-mvp/bi'...
Listing 'dashboard-mvp/bi/dashboards'...
Listing 'dashboard-mvp/bi/datasets'...
Listing 'dashboard-mvp/bi/exports'...
Listing 'dashboard-mvp/ch-python'...
Listing 'dashboard-mvp/ch-python/loader'...
Compiling 'dashboard-mvp/ch-python/loader/build_dm_sales_incr.py'...
***   File "dashboard-mvp/ch-python/loader/build_dm_sales_incr.py", line 192
    today freshness_hours = 0
          ^^^^^^^^^^^^^^^
SyntaxError: invalid syntax

Listing 'dashboard-mvp/configs'...
Listing 'dashboard-mvp/docs'...
Listing 'dashboard-mvp/docs/TEMPLATES'...
Listing 'dashboard-mvp/docs/adr'...
Listing 'dashboard-mvp/infra'...
Listing 'dashboard-mvp/infra/clickhouse'...
Listing 'dashboard-mvp/infra/clickhouse/caddy_data'...
Listing 'dashboard-mvp/infra/clickhouse/config.d'...
Listing 'dashboard-mvp/infra/clickhouse/data'...
Listing 'dashboard-mvp/infra/clickhouse/data/access'...
Listing 'dashboard-mvp/infra/clickhouse/data/data'...
Listing 'dashboard-mvp/infra/clickhouse/data/data/bi'...
Listing 'dashboard-mvp/infra/clickhouse/data/data/default'...
Listing 'dashboard-mvp/infra/clickhouse/data/data/meta'...
Listing 'dashboard-mvp/infra/clickhouse/data/data/system'...
Listing 'dashboard-mvp/infra/clickhouse/data/data/zakaz'...
Listing 'dashboard-mvp/infra/clickhouse/data/flags'...
Listing 'dashboard-mvp/infra/clickhouse/data/format_schemas'...
Listing 'dashboard-mvp/infra/clickhouse/data/metadata'...
Listing 'dashboard-mvp/infra/clickhouse/data/metadata_dropped'...
Listing 'dashboard-mvp/infra/clickhouse/data/preprocessed_configs'...
Listing 'dashboard-mvp/infra/clickhouse/data/store'...
Listing 'dashboard-mvp/infra/clickhouse/data/store/035'...
Listing 'dashboard-mvp/infra/clickhouse/data/store/035/035d5820-0c09-4115-b194-f915305d80eb'...
Listing 'dashboard-mvp/infra/clickhouse/data/store/035/035d5820-0c09-4115-b194-f915305d80eb/detached'...
Listing 'dashboard-mvp/infra/clickhouse/data/store/0e6'...
Listing 'dashboard-mvp/infra/clickhouse/data/store/0e6/0e6c7f57-e09c-46cd-92a7-01e3d8344813'...
Listing 'dashboard-mvp/infra/clickhouse/data/store/0e6/0e6c7f57-e09c-46cd-92a7-01e3d8344813/detached'...
Listing 'dashboard-mvp/infra/clickhouse/data/store/1da'...
Listing 'dashboard-mvp/infra/clickhouse/data/store/1da/1da986f5-7f1f-4a68-947f-cfe8b30d6267'...
Listing 'dashboard-mvp/infra/clickhouse/data/store/1da/1da986f5-7f1f-4a68-947f-cfe8b30d6267/202510_1_5_1'...
Listing 'dashboard-mvp/infra/clickhouse/data/store/1da/1da986f5-7f1f-4a68-947f-cfe8b30d6267/202510_6_6_0'...
Listing 'dashboard-mvp/infra/clickhouse/data/store/1da/1da986f5-7f1f-4a68-947f-cfe8b30d6267/202510_7_7_0'...
Listing 'dashboard-mvp/infra/clickhouse/data/store/1da/1da986f5-7f1f-4a68-947f-cfe8b30d6267/detached'...
Listing 'dashboard-mvp/infra/clickhouse/data/store/23a'...
Listing 'dashboard-mvp/infra/clickhouse/data/store/23a/23a9ca77-5cb2-4144-b1cc-1ff044ed1596'...
Listing 'dashboard-mvp/infra/clickhouse/data/store/23a/23a9ca77-5cb2-4144-b1cc-1ff044ed1596/detached'...
Listing 'dashboard-mvp/infra/clickhouse/data/store/2be'...
Listing 'dashboard-mvp/infra/clickhouse/data/store/2be/2beef33b-a2d2-4fdd-a4d5-bfac79617581'...
Listing 'dashboard-mvp/infra/clickhouse/data/store/2be/2beef33b-a2d2-4fdd-a4d5-bfac79617581/detached'...
Listing 'dashboard-mvp/infra/clickhouse/data/store/316'...
Listing 'dashboard-mvp/infra/clickhouse/data/store/316/316c41be-c19a-4ffb-b9b5-ce91e5c3d58a'...
Listing 'dashboard-mvp/infra/clickhouse/data/store/316/316c41be-c19a-4ffb-b9b5-ce91e5c3d58a/detached'...
Listing 'dashboard-mvp/infra/clickhouse/data/store/370'...
Listing 'dashboard-mvp/infra/clickhouse/data/store/370/37088a93-76f9-4992-adf3-fdc0d0bfe85b'...
Listing 'dashboard-mvp/infra/clickhouse/data/store/370/37088a93-76f9-4992-adf3-fdc0d0bfe85b/detached'...
Listing 'dashboard-mvp/infra/clickhouse/data/store/3ac'...
Listing 'dashboard-mvp/infra/clickhouse/data/store/3ac/3aceec45-102b-40ac-9c40-437cb046e1e8'...
Listing 'dashboard-mvp/infra/clickhouse/data/store/3ac/3aceec45-102b-40ac-9c40-437cb046e1e8/detached'...
Listing 'dashboard-mvp/infra/clickhouse/data/store/3e1'...
Listing 'dashboard-mvp/infra/clickhouse/data/store/3e1/3e1545dc-c845-432e-884e-1530f3146323'...
Listing 'dashboard-mvp/infra/clickhouse/data/store/3e1/3e1545dc-c845-432e-884e-1530f3146323/detached'...
Listing 'dashboard-mvp/infra/clickhouse/data/store/418'...
Listing 'dashboard-mvp/infra/clickhouse/data/store/418/418f33ce-405f-45ae-9169-f5840b4814b3'...
Listing 'dashboard-mvp/infra/clickhouse/data/store/418/418f33ce-405f-45ae-9169-f5840b4814b3/202510_126_126_0'...
Listing 'dashboard-mvp/infra/clickhouse/data/store/418/418f33ce-405f-45ae-9169-f5840b4814b3/202510_127_127_0'...
Listing 'dashboard-mvp/infra/clickhouse/data/store/418/418f33ce-405f-45ae-9169-f5840b4814b3/202510_128_128_0'...
Listing 'dashboard-mvp/infra/clickhouse/data/store/418/418f33ce-405f-45ae-9169-f5840b4814b3/202510_129_129_0'...
Listing 'dashboard-mvp/infra/clickhouse/data/store/418/418f33ce-405f-45ae-9169-f5840b4814b3/202510_1_125_25'...
Listing 'dashboard-mvp/infra/clickhouse/data/store/418/418f33ce-405f-45ae-9169-f5840b4814b3/detached'...
Listing 'dashboard-mvp/infra/clickhouse/data/store/4a3'...
Listing 'dashboard-mvp/infra/clickhouse/data/store/4a3/4a3fa26f-cfbf-4363-ab38-bddabd13904c'...
Listing 'dashboard-mvp/infra/clickhouse/data/store/4a3/4a3fa26f-cfbf-4363-ab38-bddabd13904c/detached'...
Listing 'dashboard-mvp/infra/clickhouse/data/store/511'...
Listing 'dashboard-mvp/infra/clickhouse/data/store/511/511aedaf-2bb1-4444-9a92-1f0b4d68f5d9'...
Listing 'dashboard-mvp/infra/clickhouse/data/store/511/511aedaf-2bb1-4444-9a92-1f0b4d68f5d9/detached'...
Listing 'dashboard-mvp/infra/clickhouse/data/store/520'...
Listing 'dashboard-mvp/infra/clickhouse/data/store/520/520acd5f-c0bb-4fbc-983e-f5ba51818fa9'...
Listing 'dashboard-mvp/infra/clickhouse/data/store/520/520acd5f-c0bb-4fbc-983e-f5ba51818fa9/detached'...
Listing 'dashboard-mvp/infra/clickhouse/data/store/595'...
Listing 'dashboard-mvp/infra/clickhouse/data/store/595/5956249d-1d85-4f3b-939b-5b326b6932cf'...
Listing 'dashboard-mvp/infra/clickhouse/data/store/595/5956249d-1d85-4f3b-939b-5b326b6932cf/detached'...
Listing 'dashboard-mvp/infra/clickhouse/data/store/5e7'...
Listing 'dashboard-mvp/infra/clickhouse/data/store/5e7/5e7a1650-9dba-4cb8-bf3c-e3acc79b20f4'...
Listing 'dashboard-mvp/infra/clickhouse/data/store/5e7/5e7a1650-9dba-4cb8-bf3c-e3acc79b20f4/detached'...
Listing 'dashboard-mvp/infra/clickhouse/data/store/628'...
Listing 'dashboard-mvp/infra/clickhouse/data/store/628/628eaf4e-80ba-4306-b294-4838d2165ad9'...
Listing 'dashboard-mvp/infra/clickhouse/data/store/628/628eaf4e-80ba-4306-b294-4838d2165ad9/detached'...
Listing 'dashboard-mvp/infra/clickhouse/data/store/636'...
Listing 'dashboard-mvp/infra/clickhouse/data/store/636/6366cd7c-322d-4b19-aa10-fa286b37f2ea'...
Listing 'dashboard-mvp/infra/clickhouse/data/store/636/6366cd7c-322d-4b19-aa10-fa286b37f2ea/detached'...
Listing 'dashboard-mvp/infra/clickhouse/data/store/72f'...
Listing 'dashboard-mvp/infra/clickhouse/data/store/72f/72fe0e84-580f-4168-9cbe-cbdac78943ad'...
Listing 'dashboard-mvp/infra/clickhouse/data/store/72f/72fe0e84-580f-4168-9cbe-cbdac78943ad/detached'...
Listing 'dashboard-mvp/infra/clickhouse/data/store/80e'...
Listing 'dashboard-mvp/infra/clickhouse/data/store/80e/80e71afb-efef-450c-a56b-aa85b516639f'...
Listing 'dashboard-mvp/infra/clickhouse/data/store/80e/80e71afb-efef-450c-a56b-aa85b516639f/detached'...
Listing 'dashboard-mvp/infra/clickhouse/data/store/82a'...
Listing 'dashboard-mvp/infra/clickhouse/data/store/82a/82a9e0da-66de-4a4e-945e-2abdd0ed2f14'...
Listing 'dashboard-mvp/infra/clickhouse/data/store/82a/82a9e0da-66de-4a4e-945e-2abdd0ed2f14/detached'...
Listing 'dashboard-mvp/infra/clickhouse/data/store/868'...
Listing 'dashboard-mvp/infra/clickhouse/data/store/868/86838760-e259-4eba-9dd8-e0249b79091d'...
Listing 'dashboard-mvp/infra/clickhouse/data/store/868/86838760-e259-4eba-9dd8-e0249b79091d/detached'...
Listing 'dashboard-mvp/infra/clickhouse/data/store/aea'...
Listing 'dashboard-mvp/infra/clickhouse/data/store/aea/aea9b225-91ce-462c-88e3-5348011d67c7'...
Listing 'dashboard-mvp/infra/clickhouse/data/store/b30'...
Listing 'dashboard-mvp/infra/clickhouse/data/store/b30/b306e64e-a903-4813-9f2d-3661d26a23b1'...
Listing 'dashboard-mvp/infra/clickhouse/data/store/b30/b306e64e-a903-4813-9f2d-3661d26a23b1/202510_172_172_0'...
Listing 'dashboard-mvp/infra/clickhouse/data/store/b30/b306e64e-a903-4813-9f2d-3661d26a23b1/202510_173_173_0'...
Listing 'dashboard-mvp/infra/clickhouse/data/store/b30/b306e64e-a903-4813-9f2d-3661d26a23b1/202510_174_174_0'...
Listing 'dashboard-mvp/infra/clickhouse/data/store/b30/b306e64e-a903-4813-9f2d-3661d26a23b1/202510_175_175_0'...
Listing 'dashboard-mvp/infra/clickhouse/data/store/b30/b306e64e-a903-4813-9f2d-3661d26a23b1/202510_176_176_0'...
Listing 'dashboard-mvp/infra/clickhouse/data/store/b30/b306e64e-a903-4813-9f2d-3661d26a23b1/202510_177_177_0'...
Listing 'dashboard-mvp/infra/clickhouse/data/store/b30/b306e64e-a903-4813-9f2d-3661d26a23b1/202510_178_178_0'...
Listing 'dashboard-mvp/infra/clickhouse/data/store/b30/b306e64e-a903-4813-9f2d-3661d26a23b1/202510_179_179_0'...
Listing 'dashboard-mvp/infra/clickhouse/data/store/b30/b306e64e-a903-4813-9f2d-3661d26a23b1/202510_1_171_34'...
Listing 'dashboard-mvp/infra/clickhouse/data/store/b30/b306e64e-a903-4813-9f2d-3661d26a23b1/202510_1_176_35'...
Listing 'dashboard-mvp/infra/clickhouse/data/store/b30/b306e64e-a903-4813-9f2d-3661d26a23b1/detached'...
Listing 'dashboard-mvp/infra/clickhouse/data/store/b4a'...
Listing 'dashboard-mvp/infra/clickhouse/data/store/b4a/b4a9363d-781d-4f64-a965-a054a179489e'...
Listing 'dashboard-mvp/infra/clickhouse/data/store/b4a/b4a9363d-781d-4f64-a965-a054a179489e/202510_124_124_0'...
Listing 'dashboard-mvp/infra/clickhouse/data/store/b4a/b4a9363d-781d-4f64-a965-a054a179489e/202510_125_125_0'...
Listing 'dashboard-mvp/infra/clickhouse/data/store/b4a/b4a9363d-781d-4f64-a965-a054a179489e/202510_126_126_0'...
Listing 'dashboard-mvp/infra/clickhouse/data/store/b4a/b4a9363d-781d-4f64-a965-a054a179489e/202510_1_123_25'...
Listing 'dashboard-mvp/infra/clickhouse/data/store/b4a/b4a9363d-781d-4f64-a965-a054a179489e/detached'...
Listing 'dashboard-mvp/infra/clickhouse/data/store/bb1'...
Listing 'dashboard-mvp/infra/clickhouse/data/store/bb1/bb1d6af5-43ad-4aef-a969-5a9a7e23834f'...
Listing 'dashboard-mvp/infra/clickhouse/data/store/bd5'...
Listing 'dashboard-mvp/infra/clickhouse/data/store/bd5/bd5f0bf5-55a0-447a-84d6-f0969ad047c9'...
Listing 'dashboard-mvp/infra/clickhouse/data/store/bd5/bd5f0bf5-55a0-447a-84d6-f0969ad047c9/detached'...
Listing 'dashboard-mvp/infra/clickhouse/data/store/bf3'...
Listing 'dashboard-mvp/infra/clickhouse/data/store/bf3/bf30e91c-dffe-43aa-9bba-56ca78e6dd29'...
Listing 'dashboard-mvp/infra/clickhouse/data/store/bf3/bf30e91c-dffe-43aa-9bba-56ca78e6dd29/202510_1_77_16'...
Listing 'dashboard-mvp/infra/clickhouse/data/store/bf3/bf30e91c-dffe-43aa-9bba-56ca78e6dd29/202510_1_82_17'...
Listing 'dashboard-mvp/infra/clickhouse/data/store/bf3/bf30e91c-dffe-43aa-9bba-56ca78e6dd29/202510_78_78_0'...
Listing 'dashboard-mvp/infra/clickhouse/data/store/bf3/bf30e91c-dffe-43aa-9bba-56ca78e6dd29/202510_79_79_0'...
Listing 'dashboard-mvp/infra/clickhouse/data/store/bf3/bf30e91c-dffe-43aa-9bba-56ca78e6dd29/202510_80_80_0'...
Listing 'dashboard-mvp/infra/clickhouse/data/store/bf3/bf30e91c-dffe-43aa-9bba-56ca78e6dd29/202510_81_81_0'...
Listing 'dashboard-mvp/infra/clickhouse/data/store/bf3/bf30e91c-dffe-43aa-9bba-56ca78e6dd29/202510_82_82_0'...
Listing 'dashboard-mvp/infra/clickhouse/data/store/bf3/bf30e91c-dffe-43aa-9bba-56ca78e6dd29/202510_83_83_0'...
Listing 'dashboard-mvp/infra/clickhouse/data/store/bf3/bf30e91c-dffe-43aa-9bba-56ca78e6dd29/detached'...
Listing 'dashboard-mvp/infra/clickhouse/data/store/c95'...
Listing 'dashboard-mvp/infra/clickhouse/data/store/c95/c951f8d2-eda2-4b3e-bba3-f6f51583b8ee'...
Listing 'dashboard-mvp/infra/clickhouse/data/store/c95/c951f8d2-eda2-4b3e-bba3-f6f51583b8ee/detached'...
Listing 'dashboard-mvp/infra/clickhouse/data/store/d21'...
Listing 'dashboard-mvp/infra/clickhouse/data/store/d21/d21177ec-be78-4ff5-ab25-ede9f90b7cfa'...
Listing 'dashboard-mvp/infra/clickhouse/data/store/d21/d21177ec-be78-4ff5-ab25-ede9f90b7cfa/detached'...
Listing 'dashboard-mvp/infra/clickhouse/data/store/d25'...
Listing 'dashboard-mvp/infra/clickhouse/data/store/d25/d25e7518-e62d-49d5-b6c1-c0ed4fe97734'...
Listing 'dashboard-mvp/infra/clickhouse/data/store/d46'...
Listing 'dashboard-mvp/infra/clickhouse/data/store/d46/d4690802-fe92-4474-aa5d-d6e5f73eeeb3'...
Listing 'dashboard-mvp/infra/clickhouse/data/store/e9a'...
Listing 'dashboard-mvp/infra/clickhouse/data/store/e9a/e9a8489a-5bd9-4343-b10d-ac07085b895d'...
Listing 'dashboard-mvp/infra/clickhouse/data/store/e9a/e9a8489a-5bd9-4343-b10d-ac07085b895d/202510_162_162_0'...
Listing 'dashboard-mvp/infra/clickhouse/data/store/e9a/e9a8489a-5bd9-4343-b10d-ac07085b895d/202510_163_163_0'...
Listing 'dashboard-mvp/infra/clickhouse/data/store/e9a/e9a8489a-5bd9-4343-b10d-ac07085b895d/202510_164_164_0'...
Listing 'dashboard-mvp/infra/clickhouse/data/store/e9a/e9a8489a-5bd9-4343-b10d-ac07085b895d/202510_165_165_0'...
Listing 'dashboard-mvp/infra/clickhouse/data/store/e9a/e9a8489a-5bd9-4343-b10d-ac07085b895d/202510_166_166_0'...
Listing 'dashboard-mvp/infra/clickhouse/data/store/e9a/e9a8489a-5bd9-4343-b10d-ac07085b895d/202510_1_161_32'...
Listing 'dashboard-mvp/infra/clickhouse/data/store/e9a/e9a8489a-5bd9-4343-b10d-ac07085b895d/202510_1_166_33'...
Listing 'dashboard-mvp/infra/clickhouse/data/store/e9a/e9a8489a-5bd9-4343-b10d-ac07085b895d/detached'...
Listing 'dashboard-mvp/infra/clickhouse/data/store/ea3'...
Listing 'dashboard-mvp/infra/clickhouse/data/store/ea3/ea37ec0c-6342-4f12-aade-e46c9c576711'...
Listing 'dashboard-mvp/infra/clickhouse/data/store/ea3/ea37ec0c-6342-4f12-aade-e46c9c576711/detached'...
Listing 'dashboard-mvp/infra/clickhouse/data/store/f51'...
Listing 'dashboard-mvp/infra/clickhouse/data/store/f51/f51d1497-ade5-4459-9c0c-291412346189'...
Listing 'dashboard-mvp/infra/clickhouse/data/store/f51/f51d1497-ade5-4459-9c0c-291412346189/detached'...
Listing 'dashboard-mvp/infra/clickhouse/data/store/f7b'...
Listing 'dashboard-mvp/infra/clickhouse/data/store/f7b/f7ba9708-59cc-4586-9d5e-fd497a17024a'...
Listing 'dashboard-mvp/infra/clickhouse/data/store/f7b/f7ba9708-59cc-4586-9d5e-fd497a17024a/202510_1_9_2'...
Listing 'dashboard-mvp/infra/clickhouse/data/store/f7b/f7ba9708-59cc-4586-9d5e-fd497a17024a/detached'...
Listing 'dashboard-mvp/infra/clickhouse/data/store/f83'...
Listing 'dashboard-mvp/infra/clickhouse/data/store/f83/f838b6ad-689b-4038-a35e-58e5ff47539f'...
Listing 'dashboard-mvp/infra/clickhouse/data/store/f83/f838b6ad-689b-4038-a35e-58e5ff47539f/detached'...
Listing 'dashboard-mvp/infra/clickhouse/data/store/fba'...
Listing 'dashboard-mvp/infra/clickhouse/data/store/fba/fbac3c63-7638-4d22-a315-d4460755e81e'...
Listing 'dashboard-mvp/infra/clickhouse/data/tmp'...
Listing 'dashboard-mvp/infra/clickhouse/data/user_files'...
Listing 'dashboard-mvp/infra/clickhouse/logs'...
Listing 'dashboard-mvp/infra/clickhouse/migrations'...
Listing 'dashboard-mvp/infra/clickhouse/users.d'...
Listing 'dashboard-mvp/infra/systemd'...
Listing 'dashboard-mvp/integrations'...
Listing 'dashboard-mvp/integrations/common'...
Listing 'dashboard-mvp/integrations/direct'...
Listing 'dashboard-mvp/integrations/gmail'...
Listing 'dashboard-mvp/integrations/qtickets'...
Listing 'dashboard-mvp/integrations/qtickets_api'...
Listing 'dashboard-mvp/integrations/qtickets_api/tests'...
Compiling 'dashboard-mvp/integrations/qtickets_api/tests/test_transform.py'...
***   File "dashboard-mvp/integrations/qtickets_api/tests/test_transform.py", line 1
    ashboard-mvp/integrations/qtickets_api/tests/test_transform.py</path>
                                                                   ^
SyntaxError: invalid syntax

Listing 'dashboard-mvp/integrations/qtickets_sheets'...
Listing 'dashboard-mvp/integrations/vk_ads'...
Listing 'dashboard-mvp/local_test'...
Listing 'dashboard-mvp/local_test/ch'...
Listing 'dashboard-mvp/mail-python'...
Listing 'dashboard-mvp/ops'...
Listing 'dashboard-mvp/ops/alerts'...
Listing 'dashboard-mvp/ops/systemd'...
Listing 'dashboard-mvp/qtickets_debug'...
Listing 'dashboard-mvp/scripts'...
Listing 'dashboard-mvp/test_env'...
Listing 'dashboard-mvp/tools'...
Listing 'dashboard-mvp/vk-python'...
Listing 'dashboard-mvp/vk-python/.pytest_cache'...
Listing 'dashboard-mvp/vk-python/.pytest_cache/v'...
Listing 'dashboard-mvp/vk-python/.pytest_cache/v/cache'...
Listing 'dashboard-mvp/vk-python/src'...
Listing 'dashboard-mvp/vk-python/src/vk_ads_pipeline'...
Listing 'dashboard-mvp/vk-python/src/vk_ads_pipeline/sink'...
Listing 'dashboard-mvp/vk-python/src/vk_ads_pipeline/transform'...
Listing 'dashboard-mvp/vk-python/src/vk_ads_pipeline.egg-info'...
Listing 'dashboard-mvp/vk-python/tests'...
