Listing 'dashboard-mvp'...
Listing 'dashboard-mvp/.github'...
Listing 'dashboard-mvp/.github/workflows'...
Listing 'dashboard-mvp/archive'...
Listing 'dashboard-mvp/archive/appscript'...
Listing 'dashboard-mvp/archive/sheets'...
Listing 'dashboard-mvp/bi'...
Listing 'dashboard-mvp/bi/dashboards'...
Listing 'dashboard-mvp/bi/datasets'...
Listing 'dashboard-mvp/bi/exports'...
Listing 'dashboard-mvp/ch-python'...
Listing 'dashboard-mvp/ch-python/loader'...
Compiling 'dashboard-mvp/ch-python/loader/build_dm_sales_incr.py'...
Listing 'dashboard-mvp/configs'...
Listing 'dashboard-mvp/docs'...
Listing 'dashboard-mvp/docs/TEMPLATES'...
Listing 'dashboard-mvp/docs/adr'...
Listing 'dashboard-mvp/infra'...
Listing 'dashboard-mvp/infra/clickhouse'...
Listing 'dashboard-mvp/infra/clickhouse/caddy_data'...
Listing 'dashboard-mvp/infra/clickhouse/config.d'...
Listing 'dashboard-mvp/infra/clickhouse/data'...
Listing 'dashboard-mvp/infra/clickhouse/data/access'...
Listing 'dashboard-mvp/infra/clickhouse/data/data'...
Listing 'dashboard-mvp/infra/clickhouse/data/data/bi'...
Listing 'dashboard-mvp/infra/clickhouse/data/data/default'...
Listing 'dashboard-mvp/infra/clickhouse/data/data/meta'...
Listing 'dashboard-mvp/infra/clickhouse/data/data/system'...
Listing 'dashboard-mvp/infra/clickhouse/data/data/zakaz'...
Listing 'dashboard-mvp/infra/clickhouse/data/flags'...
Listing 'dashboard-mvp/infra/clickhouse/data/format_schemas'...
Listing 'dashboard-mvp/infra/clickhouse/data/metadata'...
Listing 'dashboard-mvp/infra/clickhouse/data/metadata_dropped'...
Listing 'dashboard-mvp/infra/clickhouse/data/preprocessed_configs'...
Listing 'dashboard-mvp/infra/clickhouse/data/store'...
Listing 'dashboard-mvp/infra/clickhouse/data/store/11e'...
Listing 'dashboard-mvp/infra/clickhouse/data/store/11e/11e83602-6adb-4244-9bcb-ed0fb865a549'...
Listing 'dashboard-mvp/infra/clickhouse/data/store/13a'...
Listing 'dashboard-mvp/infra/clickhouse/data/store/13a/13ad9559-357e-4fb7-8ab9-33ec04774823'...
Listing 'dashboard-mvp/infra/clickhouse/data/store/1da'...
Listing 'dashboard-mvp/infra/clickhouse/data/store/1da/1da986f5-7f1f-4a68-947f-cfe8b30d6267'...
Listing 'dashboard-mvp/infra/clickhouse/data/store/1da/1da986f5-7f1f-4a68-947f-cfe8b30d6267/202510_23_23_0'...
Listing 'dashboard-mvp/infra/clickhouse/data/store/1da/1da986f5-7f1f-4a68-947f-cfe8b30d6267/202510_24_24_0'...
Listing 'dashboard-mvp/infra/clickhouse/data/store/1da/1da986f5-7f1f-4a68-947f-cfe8b30d6267/202510_25_25_0'...
Listing 'dashboard-mvp/infra/clickhouse/data/store/1da/1da986f5-7f1f-4a68-947f-cfe8b30d6267/202510_26_26_0'...
Listing 'dashboard-mvp/infra/clickhouse/data/store/1da/1da986f5-7f1f-4a68-947f-cfe8b30d6267/202510_27_27_0'...
Listing 'dashboard-mvp/infra/clickhouse/data/store/1da/1da986f5-7f1f-4a68-947f-cfe8b30d6267/202510_28_28_0'...
Listing 'dashboard-mvp/infra/clickhouse/data/store/243'...
Listing 'dashboard-mvp/infra/clickhouse/data/store/243/24345e00-e3bc-41d4-9f4f-343212f63caf'...
Listing 'dashboard-mvp/infra/clickhouse/data/store/243/24345e00-e3bc-41d4-9f4f-343212f63caf/202510_1_1_0'...
Listing 'dashboard-mvp/infra/clickhouse/data/store/243/24345e00-e3bc-41d4-9f4f-343212f63caf/202510_2_2_0'...
Listing 'dashboard-mvp/infra/clickhouse/data/store/243/24345e00-e3bc-41d4-9f4f-343212f63caf/202510_3_3_0'...
Listing 'dashboard-mvp/infra/clickhouse/data/store/243/24345e00-e3bc-41d4-9f4f-343212f63caf/detached'...
Listing 'dashboard-mvp/infra/clickhouse/data/store/243/243b097c-222c-44c8-9dc2-94810899e5d5'...
Listing 'dashboard-mvp/infra/clickhouse/data/store/25e'...
Listing 'dashboard-mvp/infra/clickhouse/data/store/25e/25e8b3f5-6f11-4491-82f9-ea1633b0ec00'...
Listing 'dashboard-mvp/infra/clickhouse/data/store/25e/25e8b3f5-6f11-4491-82f9-ea1633b0ec00/detached'...
Listing 'dashboard-mvp/infra/clickhouse/data/store/26a'...
Listing 'dashboard-mvp/infra/clickhouse/data/store/26a/26a4ac46-aa70-457f-810d-5e6ea231f70f'...
Listing 'dashboard-mvp/infra/clickhouse/data/store/26a/26a4ac46-aa70-457f-810d-5e6ea231f70f/detached'...
Listing 'dashboard-mvp/infra/clickhouse/data/store/2df'...
Listing 'dashboard-mvp/infra/clickhouse/data/store/2df/2df4ade8-a146-4e85-96aa-0a234ced1af2'...
Listing 'dashboard-mvp/infra/clickhouse/data/store/2df/2df4ade8-a146-4e85-96aa-0a234ced1af2/detached'...
Listing 'dashboard-mvp/infra/clickhouse/data/store/418'...
Listing 'dashboard-mvp/infra/clickhouse/data/store/418/418f33ce-405f-45ae-9169-f5840b4814b3'...
Listing 'dashboard-mvp/infra/clickhouse/data/store/418/418f33ce-405f-45ae-9169-f5840b4814b3/202510_411_411_0'...
Listing 'dashboard-mvp/infra/clickhouse/data/store/418/418f33ce-405f-45ae-9169-f5840b4814b3/202510_412_412_0'...
Listing 'dashboard-mvp/infra/clickhouse/data/store/418/418f33ce-405f-45ae-9169-f5840b4814b3/202510_413_413_0'...
Listing 'dashboard-mvp/infra/clickhouse/data/store/418/418f33ce-405f-45ae-9169-f5840b4814b3/202510_414_414_0'...
Listing 'dashboard-mvp/infra/clickhouse/data/store/47e'...
Listing 'dashboard-mvp/infra/clickhouse/data/store/47e/47eb6d65-576a-4029-a15c-1885a71112b4'...
Listing 'dashboard-mvp/infra/clickhouse/data/store/47e/47eb6d65-576a-4029-a15c-1885a71112b4/detached'...
Listing 'dashboard-mvp/infra/clickhouse/data/store/4bd'...
Listing 'dashboard-mvp/infra/clickhouse/data/store/4bd/4bd0d270-055f-43ca-a383-1bf2ff1d7a88'...
Listing 'dashboard-mvp/infra/clickhouse/data/store/4bd/4bd0d270-055f-43ca-a383-1bf2ff1d7a88/202510_1_5_1'...
Listing 'dashboard-mvp/infra/clickhouse/data/store/4bd/4bd0d270-055f-43ca-a383-1bf2ff1d7a88/detached'...
Listing 'dashboard-mvp/infra/clickhouse/data/store/4c2'...
Listing 'dashboard-mvp/infra/clickhouse/data/store/4c2/4c2fa132-e974-4658-a555-4b5c0b0da8ca'...
Listing 'dashboard-mvp/infra/clickhouse/data/store/4c2/4c2fa132-e974-4658-a555-4b5c0b0da8ca/detached'...
Listing 'dashboard-mvp/infra/clickhouse/data/store/566'...
Listing 'dashboard-mvp/infra/clickhouse/data/store/566/566e1a9c-fa5e-4e09-acda-b7144659afd5'...
Listing 'dashboard-mvp/infra/clickhouse/data/store/566/566e1a9c-fa5e-4e09-acda-b7144659afd5/detached'...
Listing 'dashboard-mvp/infra/clickhouse/data/store/5e8'...
Listing 'dashboard-mvp/infra/clickhouse/data/store/5e8/5e8e3e1e-2a9a-4bee-9d71-46020bd9fa81'...
Listing 'dashboard-mvp/infra/clickhouse/data/store/5e8/5e8e3e1e-2a9a-4bee-9d71-46020bd9fa81/202510_1_41_8'...
Listing 'dashboard-mvp/infra/clickhouse/data/store/5e8/5e8e3e1e-2a9a-4bee-9d71-46020bd9fa81/202510_1_46_9'...
Listing 'dashboard-mvp/infra/clickhouse/data/store/5e8/5e8e3e1e-2a9a-4bee-9d71-46020bd9fa81/202510_42_42_0'...
Listing 'dashboard-mvp/infra/clickhouse/data/store/5e8/5e8e3e1e-2a9a-4bee-9d71-46020bd9fa81/202510_43_43_0'...
Listing 'dashboard-mvp/infra/clickhouse/data/store/5e8/5e8e3e1e-2a9a-4bee-9d71-46020bd9fa81/202510_44_44_0'...
Listing 'dashboard-mvp/infra/clickhouse/data/store/5e8/5e8e3e1e-2a9a-4bee-9d71-46020bd9fa81/202510_45_45_0'...
Listing 'dashboard-mvp/infra/clickhouse/data/store/5e8/5e8e3e1e-2a9a-4bee-9d71-46020bd9fa81/202510_46_46_0'...
Listing 'dashboard-mvp/infra/clickhouse/data/store/5e8/5e8e3e1e-2a9a-4bee-9d71-46020bd9fa81/202510_47_47_0'...
Listing 'dashboard-mvp/infra/clickhouse/data/store/5e8/5e8e3e1e-2a9a-4bee-9d71-46020bd9fa81/detached'...
Listing 'dashboard-mvp/infra/clickhouse/data/store/5f3'...
Listing 'dashboard-mvp/infra/clickhouse/data/store/5f3/5f31bc3a-3132-49e0-9a3c-451ba8ddb40b'...
Listing 'dashboard-mvp/infra/clickhouse/data/store/5f3/5f31bc3a-3132-49e0-9a3c-451ba8ddb40b/detached'...
Listing 'dashboard-mvp/infra/clickhouse/data/store/65f'...
Listing 'dashboard-mvp/infra/clickhouse/data/store/65f/65f74132-b126-494b-b7af-c1d03aec7044'...
Listing 'dashboard-mvp/infra/clickhouse/data/store/65f/65f74132-b126-494b-b7af-c1d03aec7044/detached'...
Listing 'dashboard-mvp/infra/clickhouse/data/store/7d3'...
Listing 'dashboard-mvp/infra/clickhouse/data/store/7d3/7d3e6b2e-259d-4533-9657-8bfc4ea32197'...
Listing 'dashboard-mvp/infra/clickhouse/data/store/7d3/7d3e6b2e-259d-4533-9657-8bfc4ea32197/202510_1_30_6'...
Listing 'dashboard-mvp/infra/clickhouse/data/store/7d3/7d3e6b2e-259d-4533-9657-8bfc4ea32197/202510_1_34_7'...
Listing 'dashboard-mvp/infra/clickhouse/data/store/7d3/7d3e6b2e-259d-4533-9657-8bfc4ea32197/202510_31_31_0'...
Listing 'dashboard-mvp/infra/clickhouse/data/store/7d3/7d3e6b2e-259d-4533-9657-8bfc4ea32197/202510_32_32_0'...
Listing 'dashboard-mvp/infra/clickhouse/data/store/7d3/7d3e6b2e-259d-4533-9657-8bfc4ea32197/202510_33_33_0'...
Listing 'dashboard-mvp/infra/clickhouse/data/store/7d3/7d3e6b2e-259d-4533-9657-8bfc4ea32197/202510_34_34_0'...
Listing 'dashboard-mvp/infra/clickhouse/data/store/7d3/7d3e6b2e-259d-4533-9657-8bfc4ea32197/202510_35_35_0'...
Listing 'dashboard-mvp/infra/clickhouse/data/store/7d3/7d3e6b2e-259d-4533-9657-8bfc4ea32197/202510_36_36_0'...
Listing 'dashboard-mvp/infra/clickhouse/data/store/7d3/7d3e6b2e-259d-4533-9657-8bfc4ea32197/detached'...
Listing 'dashboard-mvp/infra/clickhouse/data/store/7d8'...
Listing 'dashboard-mvp/infra/clickhouse/data/store/7d8/7d81e58a-73dd-4935-80db-dc6d1b736250'...
Listing 'dashboard-mvp/infra/clickhouse/data/store/7d8/7d81e58a-73dd-4935-80db-dc6d1b736250/detached'...
Listing 'dashboard-mvp/infra/clickhouse/data/store/82d'...
Listing 'dashboard-mvp/infra/clickhouse/data/store/82d/82d6a669-39b3-4d97-8509-7bfc6511d656'...
Listing 'dashboard-mvp/infra/clickhouse/data/store/82d/82d6a669-39b3-4d97-8509-7bfc6511d656/detached'...
Listing 'dashboard-mvp/infra/clickhouse/data/store/8ce'...
Listing 'dashboard-mvp/infra/clickhouse/data/store/8ce/8ce526ba-b0dd-41e8-ab82-10ecafc02237'...
Listing 'dashboard-mvp/infra/clickhouse/data/store/8ce/8ce526ba-b0dd-41e8-ab82-10ecafc02237/detached'...
Listing 'dashboard-mvp/infra/clickhouse/data/store/8ee'...
Listing 'dashboard-mvp/infra/clickhouse/data/store/8ee/8eebdac2-130a-4afe-a0da-99cfc8d4b48a'...
Listing 'dashboard-mvp/infra/clickhouse/data/store/8ee/8eebdac2-130a-4afe-a0da-99cfc8d4b48a/detached'...
Listing 'dashboard-mvp/infra/clickhouse/data/store/8f4'...
Listing 'dashboard-mvp/infra/clickhouse/data/store/8f4/8f4cb3f8-8f87-46b7-b130-270b67873dcb'...
Listing 'dashboard-mvp/infra/clickhouse/data/store/8f4/8f4cb3f8-8f87-46b7-b130-270b67873dcb/detached'...
Listing 'dashboard-mvp/infra/clickhouse/data/store/a91'...
Listing 'dashboard-mvp/infra/clickhouse/data/store/a91/a916c305-a44e-4ca4-90cd-426e1fef241d'...
Listing 'dashboard-mvp/infra/clickhouse/data/store/a91/a916c305-a44e-4ca4-90cd-426e1fef241d/detached'...
Listing 'dashboard-mvp/infra/clickhouse/data/store/aa0'...
Listing 'dashboard-mvp/infra/clickhouse/data/store/aa0/aa0b04bc-f361-4440-9646-9af2f2f00c3c'...
Listing 'dashboard-mvp/infra/clickhouse/data/store/aa0/aa0b04bc-f361-4440-9646-9af2f2f00c3c/detached'...
Listing 'dashboard-mvp/infra/clickhouse/data/store/ae3'...
Listing 'dashboard-mvp/infra/clickhouse/data/store/ae3/ae38e409-aad5-4505-9504-290443b36d81'...
Listing 'dashboard-mvp/infra/clickhouse/data/store/ae3/ae38e409-aad5-4505-9504-290443b36d81/detached'...
Listing 'dashboard-mvp/infra/clickhouse/data/store/b30'...
Listing 'dashboard-mvp/infra/clickhouse/data/store/b30/b306e64e-a903-4813-9f2d-3661d26a23b1'...
Listing 'dashboard-mvp/infra/clickhouse/data/store/b30/b306e64e-a903-4813-9f2d-3661d26a23b1/202510_587_587_0'...
Listing 'dashboard-mvp/infra/clickhouse/data/store/b30/b306e64e-a903-4813-9f2d-3661d26a23b1/202510_588_588_0'...
Listing 'dashboard-mvp/infra/clickhouse/data/store/b30/b306e64e-a903-4813-9f2d-3661d26a23b1/202510_589_589_0'...
Listing 'dashboard-mvp/infra/clickhouse/data/store/b30/b306e64e-a903-4813-9f2d-3661d26a23b1/202510_590_590_0'...
Listing 'dashboard-mvp/infra/clickhouse/data/store/b30/b306e64e-a903-4813-9f2d-3661d26a23b1/202510_591_591_0'...
Listing 'dashboard-mvp/infra/clickhouse/data/store/b30/b306e64e-a903-4813-9f2d-3661d26a23b1/202510_592_592_0'...
Listing 'dashboard-mvp/infra/clickhouse/data/store/b4a'...
Listing 'dashboard-mvp/infra/clickhouse/data/store/b4a/b4a9363d-781d-4f64-a965-a054a179489e'...
Listing 'dashboard-mvp/infra/clickhouse/data/store/b4a/b4a9363d-781d-4f64-a965-a054a179489e/202510_409_409_0'...
Listing 'dashboard-mvp/infra/clickhouse/data/store/b4a/b4a9363d-781d-4f64-a965-a054a179489e/202510_410_410_0'...
Listing 'dashboard-mvp/infra/clickhouse/data/store/b4a/b4a9363d-781d-4f64-a965-a054a179489e/202510_411_411_0'...
Listing 'dashboard-mvp/infra/clickhouse/data/store/b4a/b4a9363d-781d-4f64-a965-a054a179489e/202510_412_412_0'...
Listing 'dashboard-mvp/infra/clickhouse/data/store/b50'...
Listing 'dashboard-mvp/infra/clickhouse/data/store/b50/b5022c6e-6508-4a3a-9383-04a062688e15'...
Listing 'dashboard-mvp/infra/clickhouse/data/store/b50/b5022c6e-6508-4a3a-9383-04a062688e15/detached'...
Listing 'dashboard-mvp/infra/clickhouse/data/store/b6e'...
Listing 'dashboard-mvp/infra/clickhouse/data/store/b6e/b6e88e62-6eea-4db7-bfff-543b0d7e9be5'...
Listing 'dashboard-mvp/infra/clickhouse/data/store/b6e/b6e88e62-6eea-4db7-bfff-543b0d7e9be5/detached'...
Listing 'dashboard-mvp/infra/clickhouse/data/store/bf3'...
Listing 'dashboard-mvp/infra/clickhouse/data/store/bf3/bf30e91c-dffe-43aa-9bba-56ca78e6dd29'...
Listing 'dashboard-mvp/infra/clickhouse/data/store/bf3/bf30e91c-dffe-43aa-9bba-56ca78e6dd29/202510_296_296_0'...
Listing 'dashboard-mvp/infra/clickhouse/data/store/bf3/bf30e91c-dffe-43aa-9bba-56ca78e6dd29/202510_297_297_0'...
Listing 'dashboard-mvp/infra/clickhouse/data/store/bf3/bf30e91c-dffe-43aa-9bba-56ca78e6dd29/202510_298_298_0'...
Listing 'dashboard-mvp/infra/clickhouse/data/store/bf3/bf30e91c-dffe-43aa-9bba-56ca78e6dd29/202510_299_299_0'...
Listing 'dashboard-mvp/infra/clickhouse/data/store/bf3/bf30e91c-dffe-43aa-9bba-56ca78e6dd29/202510_300_300_0'...
Listing 'dashboard-mvp/infra/clickhouse/data/store/bf5'...
Listing 'dashboard-mvp/infra/clickhouse/data/store/bf5/bf520874-2bea-4fef-8047-4bfbbc16f206'...
Listing 'dashboard-mvp/infra/clickhouse/data/store/bf5/bf520874-2bea-4fef-8047-4bfbbc16f206/202510_1_61_12'...
Listing 'dashboard-mvp/infra/clickhouse/data/store/bf5/bf520874-2bea-4fef-8047-4bfbbc16f206/202510_1_66_13'...
Listing 'dashboard-mvp/infra/clickhouse/data/store/bf5/bf520874-2bea-4fef-8047-4bfbbc16f206/202510_62_62_0'...
Listing 'dashboard-mvp/infra/clickhouse/data/store/bf5/bf520874-2bea-4fef-8047-4bfbbc16f206/202510_63_63_0'...
Listing 'dashboard-mvp/infra/clickhouse/data/store/bf5/bf520874-2bea-4fef-8047-4bfbbc16f206/202510_64_64_0'...
Listing 'dashboard-mvp/infra/clickhouse/data/store/bf5/bf520874-2bea-4fef-8047-4bfbbc16f206/202510_65_65_0'...
Listing 'dashboard-mvp/infra/clickhouse/data/store/bf5/bf520874-2bea-4fef-8047-4bfbbc16f206/202510_66_66_0'...
Listing 'dashboard-mvp/infra/clickhouse/data/store/bf5/bf520874-2bea-4fef-8047-4bfbbc16f206/202510_67_67_0'...
Listing 'dashboard-mvp/infra/clickhouse/data/store/bf5/bf520874-2bea-4fef-8047-4bfbbc16f206/detached'...
Listing 'dashboard-mvp/infra/clickhouse/data/store/c2f'...
Listing 'dashboard-mvp/infra/clickhouse/data/store/c2f/c2f9e8b2-0165-434b-916a-301515a6e53e'...
Listing 'dashboard-mvp/infra/clickhouse/data/store/c2f/c2f9e8b2-0165-434b-916a-301515a6e53e/202510_1_41_8'...
Listing 'dashboard-mvp/infra/clickhouse/data/store/c2f/c2f9e8b2-0165-434b-916a-301515a6e53e/202510_1_46_9'...
Listing 'dashboard-mvp/infra/clickhouse/data/store/c2f/c2f9e8b2-0165-434b-916a-301515a6e53e/202510_42_42_0'...
Listing 'dashboard-mvp/infra/clickhouse/data/store/c2f/c2f9e8b2-0165-434b-916a-301515a6e53e/202510_43_43_0'...
Listing 'dashboard-mvp/infra/clickhouse/data/store/c2f/c2f9e8b2-0165-434b-916a-301515a6e53e/202510_44_44_0'...
Listing 'dashboard-mvp/infra/clickhouse/data/store/c2f/c2f9e8b2-0165-434b-916a-301515a6e53e/202510_45_45_0'...
Listing 'dashboard-mvp/infra/clickhouse/data/store/c2f/c2f9e8b2-0165-434b-916a-301515a6e53e/202510_46_46_0'...
Listing 'dashboard-mvp/infra/clickhouse/data/store/c2f/c2f9e8b2-0165-434b-916a-301515a6e53e/202510_47_47_0'...
Listing 'dashboard-mvp/infra/clickhouse/data/store/c2f/c2f9e8b2-0165-434b-916a-301515a6e53e/202510_48_48_0'...
Listing 'dashboard-mvp/infra/clickhouse/data/store/c2f/c2f9e8b2-0165-434b-916a-301515a6e53e/detached'...
Listing 'dashboard-mvp/infra/clickhouse/data/store/ca6'...
Listing 'dashboard-mvp/infra/clickhouse/data/store/ca6/ca6c9bb2-f28a-45c9-aed2-2832f344885a'...
Listing 'dashboard-mvp/infra/clickhouse/data/store/ca6/ca6c9bb2-f28a-45c9-aed2-2832f344885a/detached'...
Listing 'dashboard-mvp/infra/clickhouse/data/store/cc0'...
Listing 'dashboard-mvp/infra/clickhouse/data/store/cc0/cc047211-8931-4229-a3ab-c878f6fc0709'...
Listing 'dashboard-mvp/infra/clickhouse/data/store/d6f'...
Listing 'dashboard-mvp/infra/clickhouse/data/store/d6f/d6fc119c-82f6-4913-8b9d-896b27ec0444'...
Listing 'dashboard-mvp/infra/clickhouse/data/store/d6f/d6fc119c-82f6-4913-8b9d-896b27ec0444/detached'...
Listing 'dashboard-mvp/infra/clickhouse/data/store/d8f'...
Listing 'dashboard-mvp/infra/clickhouse/data/store/d8f/d8fea6ec-2e0d-44b6-a783-0bdcbd3e3c65'...
Listing 'dashboard-mvp/infra/clickhouse/data/store/d8f/d8fea6ec-2e0d-44b6-a783-0bdcbd3e3c65/detached'...
Listing 'dashboard-mvp/infra/clickhouse/data/store/dde'...
Listing 'dashboard-mvp/infra/clickhouse/data/store/dde/ddeffa87-8bff-4e4d-b297-60fc7b3286f0'...
Listing 'dashboard-mvp/infra/clickhouse/data/store/dde/ddeffa87-8bff-4e4d-b297-60fc7b3286f0/detached'...
Listing 'dashboard-mvp/infra/clickhouse/data/store/de1'...
Listing 'dashboard-mvp/infra/clickhouse/data/store/de1/de1367a7-d694-411c-93df-c98fb5f89a47'...
Listing 'dashboard-mvp/infra/clickhouse/data/store/de1/de1367a7-d694-411c-93df-c98fb5f89a47/detached'...
Listing 'dashboard-mvp/infra/clickhouse/data/store/e52'...
Listing 'dashboard-mvp/infra/clickhouse/data/store/e52/e529e4df-8426-49a2-8559-519c6001e3ae'...
Listing 'dashboard-mvp/infra/clickhouse/data/store/e9a'...
Listing 'dashboard-mvp/infra/clickhouse/data/store/e9a/e9a8489a-5bd9-4343-b10d-ac07085b895d'...
Listing 'dashboard-mvp/infra/clickhouse/data/store/e9a/e9a8489a-5bd9-4343-b10d-ac07085b895d/202510_544_544_0'...
Listing 'dashboard-mvp/infra/clickhouse/data/store/e9a/e9a8489a-5bd9-4343-b10d-ac07085b895d/202510_545_545_0'...
Listing 'dashboard-mvp/infra/clickhouse/data/store/e9a/e9a8489a-5bd9-4343-b10d-ac07085b895d/202510_546_546_0'...
Listing 'dashboard-mvp/infra/clickhouse/data/store/e9a/e9a8489a-5bd9-4343-b10d-ac07085b895d/202510_547_547_0'...
Listing 'dashboard-mvp/infra/clickhouse/data/store/e9a/e9a8489a-5bd9-4343-b10d-ac07085b895d/202510_548_548_0'...
Listing 'dashboard-mvp/infra/clickhouse/data/store/f39'...
Listing 'dashboard-mvp/infra/clickhouse/data/store/f39/f39a67b5-658b-457f-b257-3874300fbd7a'...
Listing 'dashboard-mvp/infra/clickhouse/data/store/f39/f39a67b5-658b-457f-b257-3874300fbd7a/detached'...
Listing 'dashboard-mvp/infra/clickhouse/data/store/f66'...
Listing 'dashboard-mvp/infra/clickhouse/data/store/f66/f66948eb-4c4e-41a9-8561-ce72a10ee1e4'...
Listing 'dashboard-mvp/infra/clickhouse/data/store/f66/f66948eb-4c4e-41a9-8561-ce72a10ee1e4/detached'...
Listing 'dashboard-mvp/infra/clickhouse/data/store/f7b'...
Listing 'dashboard-mvp/infra/clickhouse/data/store/f7b/f7ba9708-59cc-4586-9d5e-fd497a17024a'...
Listing 'dashboard-mvp/infra/clickhouse/data/store/f7b/f7ba9708-59cc-4586-9d5e-fd497a17024a/202510_25_25_0'...
Listing 'dashboard-mvp/infra/clickhouse/data/store/f7b/f7ba9708-59cc-4586-9d5e-fd497a17024a/202510_26_26_0'...
Listing 'dashboard-mvp/infra/clickhouse/data/store/f7b/f7ba9708-59cc-4586-9d5e-fd497a17024a/202510_27_27_0'...
Listing 'dashboard-mvp/infra/clickhouse/data/store/f7b/f7ba9708-59cc-4586-9d5e-fd497a17024a/202510_28_28_0'...
Listing 'dashboard-mvp/infra/clickhouse/data/store/f7b/f7ba9708-59cc-4586-9d5e-fd497a17024a/202510_29_29_0'...
Listing 'dashboard-mvp/infra/clickhouse/data/store/f7b/f7ba9708-59cc-4586-9d5e-fd497a17024a/202510_30_30_0'...
Listing 'dashboard-mvp/infra/clickhouse/data/store/f91'...
Listing 'dashboard-mvp/infra/clickhouse/data/store/f91/f915cc2f-8193-413e-91c6-c5ca0d395b7d'...
Listing 'dashboard-mvp/infra/clickhouse/data/store/f91/f915cc2f-8193-413e-91c6-c5ca0d395b7d/202510_1_55_11'...
Listing 'dashboard-mvp/infra/clickhouse/data/store/f91/f915cc2f-8193-413e-91c6-c5ca0d395b7d/202510_1_60_12'...
Listing 'dashboard-mvp/infra/clickhouse/data/store/f91/f915cc2f-8193-413e-91c6-c5ca0d395b7d/202510_56_56_0'...
Listing 'dashboard-mvp/infra/clickhouse/data/store/f91/f915cc2f-8193-413e-91c6-c5ca0d395b7d/202510_57_57_0'...
Listing 'dashboard-mvp/infra/clickhouse/data/store/f91/f915cc2f-8193-413e-91c6-c5ca0d395b7d/202510_58_58_0'...
Listing 'dashboard-mvp/infra/clickhouse/data/store/f91/f915cc2f-8193-413e-91c6-c5ca0d395b7d/202510_59_59_0'...
Listing 'dashboard-mvp/infra/clickhouse/data/store/f91/f915cc2f-8193-413e-91c6-c5ca0d395b7d/202510_60_60_0'...
Listing 'dashboard-mvp/infra/clickhouse/data/store/f91/f915cc2f-8193-413e-91c6-c5ca0d395b7d/202510_61_61_0'...
Listing 'dashboard-mvp/infra/clickhouse/data/store/f91/f915cc2f-8193-413e-91c6-c5ca0d395b7d/202510_62_62_0'...
Listing 'dashboard-mvp/infra/clickhouse/data/store/f91/f915cc2f-8193-413e-91c6-c5ca0d395b7d/detached'...
Listing 'dashboard-mvp/infra/clickhouse/data/tmp'...
Listing 'dashboard-mvp/infra/clickhouse/data/user_files'...
Listing 'dashboard-mvp/infra/clickhouse/logs'...
Listing 'dashboard-mvp/infra/clickhouse/migrations'...
Listing 'dashboard-mvp/infra/clickhouse/users.d'...
Listing 'dashboard-mvp/infra/systemd'...
Listing 'dashboard-mvp/integrations'...
Listing 'dashboard-mvp/integrations/common'...
Listing 'dashboard-mvp/integrations/direct'...
Listing 'dashboard-mvp/integrations/gmail'...
Listing 'dashboard-mvp/integrations/qtickets'...
Listing 'dashboard-mvp/integrations/qtickets_api'...
Listing 'dashboard-mvp/integrations/qtickets_api/tests'...
Compiling 'dashboard-mvp/integrations/qtickets_api/tests/test_transform.py'...
Listing 'dashboard-mvp/integrations/qtickets_sheets'...
Listing 'dashboard-mvp/integrations/vk_ads'...
Listing 'dashboard-mvp/local_test'...
Listing 'dashboard-mvp/local_test/ch'...
Listing 'dashboard-mvp/logs'...
Listing 'dashboard-mvp/mail-python'...
Listing 'dashboard-mvp/ops'...
Listing 'dashboard-mvp/ops/alerts'...
Listing 'dashboard-mvp/ops/systemd'...
Listing 'dashboard-mvp/qtickets_debug'...
Listing 'dashboard-mvp/scripts'...
Listing 'dashboard-mvp/test_env'...
Listing 'dashboard-mvp/tools'...
Listing 'dashboard-mvp/vk-python'...
Listing 'dashboard-mvp/vk-python/.pytest_cache'...
Listing 'dashboard-mvp/vk-python/.pytest_cache/v'...
Listing 'dashboard-mvp/vk-python/.pytest_cache/v/cache'...
Listing 'dashboard-mvp/vk-python/src'...
Listing 'dashboard-mvp/vk-python/src/vk_ads_pipeline'...
Listing 'dashboard-mvp/vk-python/src/vk_ads_pipeline/sink'...
Listing 'dashboard-mvp/vk-python/src/vk_ads_pipeline/transform'...
Listing 'dashboard-mvp/vk-python/src/vk_ads_pipeline.egg-info'...
Listing 'dashboard-mvp/vk-python/tests'...
