dashboard-mvp/infra/clickhouse/migrations/2025-qtickets-api-final.sql:13:CREATE TABLE IF NOT EXISTS zakaz.stg_qtickets_api_orders_raw
dashboard-mvp/infra/clickhouse/migrations/2025-qtickets-api-final.sql:31:CREATE TABLE IF NOT EXISTS zakaz.stg_qtickets_api_inventory_raw
dashboard-mvp/infra/clickhouse/migrations/2025-qtickets-api-final.sql:48:CREATE TABLE IF NOT EXISTS zakaz.dim_events
dashboard-mvp/infra/clickhouse/migrations/2025-qtickets-api-final.sql:66:CREATE TABLE IF NOT EXISTS zakaz.fact_qtickets_sales_daily
dashboard-mvp/infra/clickhouse/migrations/2025-qtickets-api-final.sql:81:CREATE TABLE IF NOT EXISTS zakaz.fact_qtickets_inventory_latest
dashboard-mvp/infra/clickhouse/migrations/2025-qtickets-api-final.sql:115:CREATE TABLE IF NOT EXISTS zakaz.meta_job_runs
dashboard-mvp/infra/clickhouse/migrations/2025-qtickets-api.sql:4:CREATE TABLE IF NOT EXISTS zakaz.stg_qtickets_api_orders_raw
dashboard-mvp/infra/clickhouse/migrations/2025-qtickets-api.sql:20:CREATE TABLE IF NOT EXISTS zakaz.stg_qtickets_api_inventory_raw
dashboard-mvp/infra/clickhouse/migrations/2025-qtickets-api.sql:35:CREATE TABLE IF NOT EXISTS zakaz.dim_events
dashboard-mvp/infra/clickhouse/migrations/2025-qtickets-api.sql:51:CREATE TABLE IF NOT EXISTS zakaz.fact_qtickets_sales_daily
dashboard-mvp/infra/clickhouse/migrations/2025-qtickets-api.sql:64:CREATE TABLE IF NOT EXISTS zakaz.fact_qtickets_inventory_latest
dashboard-mvp/infra/clickhouse/bootstrap_all.sql:14:CREATE TABLE IF NOT EXISTS zakaz.stg_qtickets_sales
dashboard-mvp/infra/clickhouse/bootstrap_all.sql:35:CREATE TABLE IF NOT EXISTS zakaz.stg_vk_ads_daily
dashboard-mvp/infra/clickhouse/bootstrap_all.sql:55:CREATE TABLE IF NOT EXISTS zakaz.core_sales_fct
dashboard-mvp/infra/clickhouse/bootstrap_all.sql:115:CREATE TABLE IF NOT EXISTS zakaz.dm_sales_daily
dashboard-mvp/infra/clickhouse/bootstrap_all.sql:154:CREATE TABLE IF NOT EXISTS zakaz.dim_city_alias
dashboard-mvp/infra/clickhouse/bootstrap_all.sql:163:CREATE TABLE IF NOT EXISTS zakaz.dm_vk_ads_daily
dashboard-mvp/infra/clickhouse/bootstrap_all.sql:281:CREATE TABLE IF NOT EXISTS zakaz.stg_sales_events
dashboard-mvp/infra/clickhouse/bootstrap_all.sql:467:CREATE TABLE IF NOT EXISTS zakaz.stg_qtickets_sheets_raw
dashboard-mvp/infra/clickhouse/bootstrap_all.sql:482:CREATE TABLE IF NOT EXISTS zakaz.stg_qtickets_sheets_events
dashboard-mvp/infra/clickhouse/bootstrap_all.sql:498:CREATE TABLE IF NOT EXISTS zakaz.stg_qtickets_sheets_inventory
dashboard-mvp/infra/clickhouse/bootstrap_all.sql:513:CREATE TABLE IF NOT EXISTS zakaz.stg_qtickets_sheets_sales
dashboard-mvp/infra/clickhouse/bootstrap_all.sql:537:CREATE TABLE IF NOT EXISTS zakaz.fact_qtickets_sales
dashboard-mvp/infra/clickhouse/bootstrap_all.sql:603:CREATE TABLE IF NOT EXISTS zakaz.meta_job_runs
dashboard-mvp/infra/clickhouse/bootstrap_all.sql:697:CREATE TABLE IF NOT EXISTS zakaz.stg_qtickets_sales_raw
dashboard-mvp/infra/clickhouse/bootstrap_all.sql:729:CREATE TABLE IF NOT EXISTS zakaz.fact_vk_ads_daily
dashboard-mvp/infra/clickhouse/bootstrap_all.sql:752:CREATE TABLE IF NOT EXISTS zakaz.fact_direct_daily
dashboard-mvp/infra/clickhouse/bootstrap_all.sql:814:CREATE TABLE IF NOT EXISTS zakaz.alerts
dashboard-mvp/infra/clickhouse/bootstrap_all.sql:953:CREATE TABLE IF NOT EXISTS zakaz.stg_qtickets_api_orders_raw
dashboard-mvp/infra/clickhouse/bootstrap_all.sql:971:CREATE TABLE IF NOT EXISTS zakaz.stg_qtickets_api_inventory_raw
dashboard-mvp/infra/clickhouse/bootstrap_all.sql:988:CREATE TABLE IF NOT EXISTS zakaz.dim_events
dashboard-mvp/infra/clickhouse/bootstrap_all.sql:1006:CREATE TABLE IF NOT EXISTS zakaz.fact_qtickets_inventory
dashboard-mvp/infra/clickhouse/bootstrap_all.sql:1021:CREATE TABLE IF NOT EXISTS zakaz.fact_qtickets_sales_daily
dashboard-mvp/infra/clickhouse/bootstrap_all.sql:1036:CREATE TABLE IF NOT EXISTS zakaz.fact_qtickets_inventory_latest
dashboard-mvp/infra/clickhouse/init_qtickets_sheets.sql:9:CREATE TABLE IF NOT EXISTS zakaz.stg_qtickets_sheets_raw
dashboard-mvp/infra/clickhouse/init_qtickets_sheets.sql:24:CREATE TABLE IF NOT EXISTS zakaz.stg_qtickets_sheets_events
dashboard-mvp/infra/clickhouse/init_qtickets_sheets.sql:40:CREATE TABLE IF NOT EXISTS zakaz.stg_qtickets_sheets_inventory
dashboard-mvp/infra/clickhouse/init_qtickets_sheets.sql:55:CREATE TABLE IF NOT EXISTS zakaz.stg_qtickets_sheets_sales
dashboard-mvp/infra/clickhouse/init_qtickets_sheets.sql:77:CREATE TABLE IF NOT EXISTS zakaz.dim_events
dashboard-mvp/infra/clickhouse/init_qtickets_sheets.sql:97:CREATE TABLE IF NOT EXISTS zakaz.fact_qtickets_sales
dashboard-mvp/infra/clickhouse/init_qtickets_sheets.sql:163:CREATE TABLE IF NOT EXISTS zakaz.meta_job_runs
dashboard-mvp/infra/clickhouse/init.sql:5:CREATE TABLE IF NOT EXISTS zakaz.stg_qtickets_sales
dashboard-mvp/infra/clickhouse/init.sql:28:CREATE TABLE IF NOT EXISTS zakaz.core_sales_fct
dashboard-mvp/infra/clickhouse/init.sql:88:CREATE TABLE IF NOT EXISTS zakaz.dm_sales_daily
dashboard-mvp/infra/clickhouse/init.sql:128:CREATE TABLE IF NOT EXISTS zakaz.dim_city_alias
dashboard-mvp/infra/clickhouse/init.sql:137:CREATE TABLE IF NOT EXISTS zakaz.dm_vk_ads_daily
dashboard-mvp/infra/clickhouse/init.sql:255:CREATE TABLE IF NOT EXISTS zakaz.stg_sales_events
dashboard-mvp/infra/clickhouse/init.sql:275:CREATE TABLE IF NOT EXISTS zakaz.stg_vk_ads_daily
dashboard-mvp/infra/clickhouse/init_mail.sql:7:CREATE TABLE IF NOT EXISTS zakaz.stg_mail_sales_raw
dashboard-mvp/infra/clickhouse/init_integrations.sql:5:CREATE TABLE IF NOT EXISTS zakaz.stg_qtickets_sales_raw
dashboard-mvp/infra/clickhouse/init_integrations.sql:22:CREATE TABLE IF NOT EXISTS zakaz.dim_events
dashboard-mvp/infra/clickhouse/init_integrations.sql:54:CREATE TABLE IF NOT EXISTS zakaz.fact_vk_ads_daily
dashboard-mvp/infra/clickhouse/init_integrations.sql:77:CREATE TABLE IF NOT EXISTS zakaz.fact_direct_daily
dashboard-mvp/infra/clickhouse/init_integrations.sql:137:CREATE TABLE IF NOT EXISTS zakaz.meta_job_runs
dashboard-mvp/infra/clickhouse/init_integrations.sql:153:CREATE TABLE IF NOT EXISTS zakaz.alerts
dashboard-mvp/infra/clickhouse/bootstrap_schema.sql:14:CREATE TABLE IF NOT EXISTS zakaz.stg_qtickets_sales
dashboard-mvp/infra/clickhouse/bootstrap_schema.sql:38:CREATE TABLE IF NOT EXISTS zakaz.core_sales_fct
dashboard-mvp/infra/clickhouse/bootstrap_schema.sql:97:CREATE TABLE IF NOT EXISTS zakaz.dm_sales_daily
dashboard-mvp/infra/clickhouse/bootstrap_schema.sql:137:CREATE TABLE IF NOT EXISTS zakaz.dim_city_alias
dashboard-mvp/infra/clickhouse/bootstrap_schema.sql:146:CREATE TABLE IF NOT EXISTS zakaz.dm_vk_ads_daily
dashboard-mvp/infra/clickhouse/bootstrap_schema.sql:256:CREATE TABLE IF NOT EXISTS zakaz.stg_sales_events
dashboard-mvp/infra/clickhouse/bootstrap_schema.sql:276:CREATE TABLE IF NOT EXISTS zakaz.stg_vk_ads_daily
dashboard-mvp/infra/clickhouse/bootstrap_schema.sql:444:CREATE TABLE IF NOT EXISTS zakaz.stg_qtickets_sheets_raw
dashboard-mvp/infra/clickhouse/bootstrap_schema.sql:459:CREATE TABLE IF NOT EXISTS zakaz.stg_qtickets_sheets_events
dashboard-mvp/infra/clickhouse/bootstrap_schema.sql:475:CREATE TABLE IF NOT EXISTS zakaz.stg_qtickets_sheets_inventory
dashboard-mvp/infra/clickhouse/bootstrap_schema.sql:490:CREATE TABLE IF NOT EXISTS zakaz.stg_qtickets_sheets_sales
dashboard-mvp/infra/clickhouse/bootstrap_schema.sql:514:CREATE TABLE IF NOT EXISTS zakaz.fact_qtickets_sales
dashboard-mvp/infra/clickhouse/bootstrap_schema.sql:565:CREATE TABLE IF NOT EXISTS zakaz.fact_qtickets_inventory_latest
dashboard-mvp/infra/clickhouse/bootstrap_schema.sql:596:CREATE TABLE IF NOT EXISTS zakaz.meta_job_runs
dashboard-mvp/infra/clickhouse/bootstrap_schema.sql:613:CREATE TABLE IF NOT EXISTS zakaz.dim_events
dashboard-mvp/infra/clickhouse/bootstrap_schema.sql:699:-- CREATE TABLE IF NOT EXISTS zakaz.stg_qtickets_sales_raw
dashboard-mvp/infra/clickhouse/bootstrap_schema.sql:733:-- CREATE TABLE IF NOT EXISTS zakaz.fact_vk_ads_daily
dashboard-mvp/infra/clickhouse/bootstrap_schema.sql:756:-- CREATE TABLE IF NOT EXISTS zakaz.fact_direct_daily
dashboard-mvp/infra/clickhouse/bootstrap_schema.sql:816:-- CREATE TABLE IF NOT EXISTS zakaz.meta_job_runs
dashboard-mvp/infra/clickhouse/bootstrap_schema.sql:830:-- CREATE TABLE IF NOT EXISTS zakaz.alerts
dashboard-mvp/infra/clickhouse/bootstrap_schema.sql:971:CREATE TABLE IF NOT EXISTS zakaz.stg_qtickets_api_orders_raw
dashboard-mvp/infra/clickhouse/bootstrap_schema.sql:989:CREATE TABLE IF NOT EXISTS zakaz.stg_qtickets_api_inventory_raw
dashboard-mvp/infra/clickhouse/bootstrap_schema.sql:1006:CREATE TABLE IF NOT EXISTS zakaz.fact_qtickets_inventory
dashboard-mvp/infra/clickhouse/bootstrap_schema.sql:1021:CREATE TABLE IF NOT EXISTS zakaz.fact_qtickets_sales_daily
dashboard-mvp/infra/clickhouse/bootstrap_schema.sql:1036:CREATE TABLE IF NOT EXISTS zakaz.fact_qtickets_inventory_latest
