#0 building with "default" instance using docker driver

#1 [internal] load build definition from Dockerfile
#1 transferring dockerfile: 1.02kB done
#1 DONE 0.0s

#2 [internal] load metadata for docker.io/library/python:3.11-slim
#2 DONE 0.1s

#3 [internal] load .dockerignore
#3 transferring context: 2B done
#3 DONE 0.0s

#4 [1/8] FROM docker.io/library/python:3.11-slim@sha256:8eb5fc663972b871c528fef04be4eaa9ab8ab4539a5316c4b8c133771214a617
#4 DONE 0.0s

#5 [internal] load build context
#5 transferring context: 1.67MB 0.2s done
#5 DONE 0.2s

#6 [2/8] RUN apt-get update && apt-get install -y   gcc   && rm -rf /var/lib/apt/lists/*
#6 CACHED

#7 [3/8] WORKDIR /app
#7 CACHED

#8 [4/8] COPY integrations/qtickets_api/requirements.txt requirements.txt
#8 CACHED

#9 [5/8] RUN pip install --no-cache-dir -r requirements.txt
#9 CACHED

#10 [6/8] COPY . .
#10 DONE 0.5s

#11 [7/8] RUN groupadd -r etl && useradd -r -g etl etl
#11 DONE 0.2s

#12 [8/8] RUN chown -R etl:etl /app
#12 DONE 2.2s

#13 exporting to image
#13 exporting layers
#13 exporting layers 1.8s done
#13 writing image sha256:63bf7a9c3e1035c4a4a7d236b15a19db39a7704260ef041897c76db411aecc51 done
#13 naming to docker.io/library/qtickets_api:test done
#13 DONE 1.8s
